mode: atomic
github.com/kaleido-io/kaleido-sdk-go/integration/cli_utils.go:10.83,15.34 4 19
github.com/kaleido-io/kaleido-sdk-go/integration/cli_utils.go:19.2,21.25 3 0
github.com/kaleido-io/kaleido-sdk-go/integration/cli_utils.go:15.34,17.3 1 19
github.com/kaleido-io/kaleido-sdk-go/integration/cli_utils.go:25.90,30.34 4 1
github.com/kaleido-io/kaleido-sdk-go/integration/cli_utils.go:37.2,38.22 2 0
github.com/kaleido-io/kaleido-sdk-go/integration/cli_utils.go:30.34,35.3 4 1
github.com/kaleido-io/kaleido-sdk-go/kaleido/memberships.go:31.47,33.2 1 1
github.com/kaleido-io/kaleido-sdk-go/kaleido/memberships.go:35.111,38.2 2 1
github.com/kaleido-io/kaleido-sdk-go/kaleido/memberships.go:40.111,43.2 2 1
github.com/kaleido-io/kaleido-sdk-go/kaleido/memberships.go:45.101,48.2 2 1
github.com/kaleido-io/kaleido-sdk-go/kaleido/memberships.go:50.121,53.2 2 1
github.com/kaleido-io/kaleido-sdk-go/kaleido/node.go:40.46,49.2 1 1
github.com/kaleido-io/kaleido-sdk-go/kaleido/node.go:51.99,54.2 2 1
github.com/kaleido-io/kaleido-sdk-go/kaleido/node.go:56.95,59.2 2 1
github.com/kaleido-io/kaleido-sdk-go/kaleido/node.go:61.105,64.2 2 1
github.com/kaleido-io/kaleido-sdk-go/kaleido/node.go:66.111,69.2 2 1
github.com/kaleido-io/kaleido-sdk-go/kaleido/releases.go:32.85,34.2 1 1
github.com/kaleido-io/kaleido-sdk-go/kaleido/releases.go:36.109,41.2 1 1
github.com/kaleido-io/kaleido-sdk-go/kaleido/service.go:36.61,44.2 1 0
github.com/kaleido-io/kaleido-sdk-go/kaleido/service.go:46.108,49.2 2 0
github.com/kaleido-io/kaleido-sdk-go/kaleido/service.go:51.101,54.2 2 0
github.com/kaleido-io/kaleido-sdk-go/kaleido/service.go:56.111,59.2 2 0
github.com/kaleido-io/kaleido-sdk-go/kaleido/service.go:61.120,64.2 2 0
github.com/kaleido-io/kaleido-sdk-go/kaleido/appcreds.go:34.48,38.2 1 1
github.com/kaleido-io/kaleido-sdk-go/kaleido/appcreds.go:40.113,43.2 2 1
github.com/kaleido-io/kaleido-sdk-go/kaleido/appcreds.go:45.123,48.2 2 1
github.com/kaleido-io/kaleido-sdk-go/kaleido/appcreds.go:50.105,53.2 2 1
github.com/kaleido-io/kaleido-sdk-go/kaleido/appcreds.go:55.114,58.2 2 1
github.com/kaleido-io/kaleido-sdk-go/kaleido/consortium.go:43.63,52.2 1 3
github.com/kaleido-io/kaleido-sdk-go/kaleido/consortium.go:54.57,58.2 3 21
github.com/kaleido-io/kaleido-sdk-go/kaleido/consortium.go:60.91,62.2 1 3
github.com/kaleido-io/kaleido-sdk-go/kaleido/consortium.go:64.90,66.2 1 1
github.com/kaleido-io/kaleido-sdk-go/kaleido/consortium.go:68.98,71.2 2 1
github.com/kaleido-io/kaleido-sdk-go/kaleido/consortium.go:73.88,75.2 1 1
github.com/kaleido-io/kaleido-sdk-go/kaleido/environment.go:36.80,43.2 1 1
github.com/kaleido-io/kaleido-sdk-go/kaleido/environment.go:45.114,48.2 2 1
github.com/kaleido-io/kaleido-sdk-go/kaleido/environment.go:50.115,53.2 2 1
github.com/kaleido-io/kaleido-sdk-go/kaleido/environment.go:55.104,58.2 2 1
github.com/kaleido-io/kaleido-sdk-go/kaleido/environment.go:60.125,63.2 2 1
github.com/kaleido-io/kaleido-sdk-go/kaleido/invitations.go:33.54,35.2 1 0
github.com/kaleido-io/kaleido-sdk-go/kaleido/invitations.go:37.111,40.2 2 0
github.com/kaleido-io/kaleido-sdk-go/kaleido/invitations.go:42.111,45.2 2 0
github.com/kaleido-io/kaleido-sdk-go/kaleido/invitations.go:47.101,50.2 2 0
github.com/kaleido-io/kaleido-sdk-go/kaleido/invitations.go:52.121,55.2 2 0
